Arguments: 
  /Users/caojun/.nvm/versions/14.3.0_1/bin/node /usr/local/bin/yarn add webpack html-webpack-plugin path

PATH: 
  /Users/caojun/Documents/project/flutter/bin:/usr/local/bin:/usr/bin:/bin:/usr/sbin:/sbin:/Applications/Wireshark.app/Contents/MacOS:/Users/caojun/.yarn/bin:/Users/caojun/.config/yarn/global/node_modules/.bin:/Users/caojun/Documents/project/flutter/bin

Yarn version: 
  1.22.10

Node version: 
  14.3.0

Platform: 
  darwin x64

Trace: 
  Error: getaddrinfo ENOTFOUND registry.npmjs.org
      at GetAddrInfoReqWrap.onlookup [as oncomplete] (dns.js:66:26)

npm manifest: 
  {
    "name": "mini-webpack-dev-server",
    "version": "1.0.0",
    "description": "",
    "main": "index.js",
    "scripts": {
      "test": "echo \"Error: no test specified\" && exit 1"
    },
    "author": "",
    "license": "ISC"
  }

yarn manifest: 
  No manifest

Lockfile: 
  No lockfile
